build/android/app/build/intermediates/manifest_merge_blame_file/debug/processDebugMainManifest/manifest-merger-blame-debug-report.txt
1<?xml version="1.0" encoding="utf-8"?>
2<manifest xmlns:android="http://schemas.android.com/apk/res/android"
3    package="com.schollz.crocdesktop"
4    android:versionCode="1"
5    android:versionName="1.0" >
6
7    <uses-sdk
8        android:minSdkVersion="21"
9        android:targetSdkVersion="35" />
10
11    <!-- Internet permission for WebView -->
12    <uses-permission android:name="android.permission.INTERNET" />
12-->src/main/AndroidManifest.xml:6:5-67
12-->src/main/AndroidManifest.xml:6:22-64
13    <uses-permission android:name="android.permission.VIBRATE" />
13-->src/main/AndroidManifest.xml:7:5-66
13-->src/main/AndroidManifest.xml:7:22-63
14    <!-- Observe network connectivity / type for android:NetworkChanged events -->
15    <uses-permission android:name="android.permission.ACCESS_NETWORK_STATE" />
15-->src/main/AndroidManifest.xml:9:5-79
15-->src/main/AndroidManifest.xml:9:22-76
16    <uses-permission android:name="android.permission.USE_BIOMETRIC" />
16-->src/main/AndroidManifest.xml:10:5-72
16-->src/main/AndroidManifest.xml:10:22-69
17    <uses-permission android:name="android.permission.POST_NOTIFICATIONS" />
17-->src/main/AndroidManifest.xml:11:5-77
17-->src/main/AndroidManifest.xml:11:22-74
18    <uses-permission android:name="android.permission.ACCESS_FINE_LOCATION" />
18-->src/main/AndroidManifest.xml:12:5-79
18-->src/main/AndroidManifest.xml:12:22-76
19    <uses-permission android:name="android.permission.ACCESS_COARSE_LOCATION" />
19-->src/main/AndroidManifest.xml:13:5-81
19-->src/main/AndroidManifest.xml:13:22-78
20    <uses-permission android:name="android.permission.CAMERA" />
20-->src/main/AndroidManifest.xml:14:5-65
20-->src/main/AndroidManifest.xml:14:22-62
21    <uses-permission android:name="android.permission.FOREGROUND_SERVICE" />
21-->src/main/AndroidManifest.xml:15:5-77
21-->src/main/AndroidManifest.xml:15:22-74
22    <uses-permission android:name="android.permission.FOREGROUND_SERVICE_DATA_SYNC" />
22-->src/main/AndroidManifest.xml:16:5-87
22-->src/main/AndroidManifest.xml:16:22-84
23
24    <queries>
24-->src/main/AndroidManifest.xml:18:5-25:15
25        <intent>
25-->src/main/AndroidManifest.xml:19:9-21:18
26            <action android:name="android.media.action.IMAGE_CAPTURE" />
26-->src/main/AndroidManifest.xml:20:13-73
26-->src/main/AndroidManifest.xml:20:21-70
27        </intent>
28        <intent>
28-->src/main/AndroidManifest.xml:22:9-24:18
29            <action android:name="android.media.action.VIDEO_CAPTURE" />
29-->src/main/AndroidManifest.xml:23:13-73
29-->src/main/AndroidManifest.xml:23:21-70
30        </intent>
31    </queries>
32
33    <!-- suppress DeprecatedClassUsageInspection -->
34    <uses-permission android:name="android.permission.USE_FINGERPRINT" />
34-->[androidx.biometric:biometric:1.1.0] AndroidManifest.xml:27:5-74
34-->[androidx.biometric:biometric:1.1.0] AndroidManifest.xml:27:22-71
35
36    <permission
36-->[androidx.core:core:1.9.0] AndroidManifest.xml:22:5-24:47
37        android:name="com.schollz.crocdesktop.DYNAMIC_RECEIVER_NOT_EXPORTED_PERMISSION"
37-->[androidx.core:core:1.9.0] AndroidManifest.xml:23:9-81
38        android:protectionLevel="signature" />
38-->[androidx.core:core:1.9.0] AndroidManifest.xml:24:9-44
39
40    <uses-permission android:name="com.schollz.crocdesktop.DYNAMIC_RECEIVER_NOT_EXPORTED_PERMISSION" />
40-->[androidx.core:core:1.9.0] AndroidManifest.xml:26:5-97
40-->[androidx.core:core:1.9.0] AndroidManifest.xml:26:22-94
41
42    <application
42-->src/main/AndroidManifest.xml:27:5-61:19
43        android:allowBackup="true"
43-->src/main/AndroidManifest.xml:28:9-35
44        android:appComponentFactory="androidx.core.app.CoreComponentFactory"
44-->[androidx.core:core:1.9.0] AndroidManifest.xml:28:18-86
45        android:debuggable="true"
46        android:extractNativeLibs="true"
47        android:icon="@mipmap/ic_launcher"
47-->src/main/AndroidManifest.xml:29:9-43
48        android:label="@string/app_name"
48-->src/main/AndroidManifest.xml:30:9-41
49        android:roundIcon="@mipmap/ic_launcher_round"
49-->src/main/AndroidManifest.xml:31:9-54
50        android:supportsRtl="true"
50-->src/main/AndroidManifest.xml:32:9-35
51        android:theme="@style/Theme.WailsApp" >
51-->src/main/AndroidManifest.xml:33:9-46
52        <activity
52-->src/main/AndroidManifest.xml:36:9-45:20
53            android:name="com.wails.app.MainActivity"
53-->src/main/AndroidManifest.xml:37:13-41
54            android:configChanges="orientation|screenSize|keyboardHidden|uiMode"
54-->src/main/AndroidManifest.xml:39:13-81
55            android:exported="true"
55-->src/main/AndroidManifest.xml:38:13-36
56            android:windowSoftInputMode="adjustResize" >
56-->src/main/AndroidManifest.xml:40:13-55
57            <intent-filter>
57-->src/main/AndroidManifest.xml:41:13-44:29
58                <action android:name="android.intent.action.MAIN" />
58-->src/main/AndroidManifest.xml:42:17-69
58-->src/main/AndroidManifest.xml:42:25-66
59
60                <category android:name="android.intent.category.LAUNCHER" />
60-->src/main/AndroidManifest.xml:43:17-77
60-->src/main/AndroidManifest.xml:43:27-74
61            </intent-filter>
62        </activity>
63
64        <provider
65            android:name="androidx.core.content.FileProvider"
65-->src/main/AndroidManifest.xml:48:13-62
66            android:authorities="com.schollz.crocdesktop.fileprovider"
66-->src/main/AndroidManifest.xml:49:13-64
67            android:exported="false"
67-->src/main/AndroidManifest.xml:50:13-37
68            android:grantUriPermissions="true" >
68-->src/main/AndroidManifest.xml:51:13-47
69            <meta-data
69-->src/main/AndroidManifest.xml:52:13-54:54
70                android:name="android.support.FILE_PROVIDER_PATHS"
70-->src/main/AndroidManifest.xml:53:17-67
71                android:resource="@xml/file_paths" />
71-->src/main/AndroidManifest.xml:54:17-51
72        </provider>
73
74        <service
74-->src/main/AndroidManifest.xml:57:9-60:56
75            android:name="com.wails.app.WailsForegroundService"
75-->src/main/AndroidManifest.xml:58:13-51
76            android:exported="false"
76-->src/main/AndroidManifest.xml:59:13-37
77            android:foregroundServiceType="dataSync" />
77-->src/main/AndroidManifest.xml:60:13-53
78
79        <provider
79-->[androidx.emoji2:emoji2:1.2.0] AndroidManifest.xml:24:9-32:20
80            android:name="androidx.startup.InitializationProvider"
80-->[androidx.emoji2:emoji2:1.2.0] AndroidManifest.xml:25:13-67
81            android:authorities="com.schollz.crocdesktop.androidx-startup"
81-->[androidx.emoji2:emoji2:1.2.0] AndroidManifest.xml:26:13-68
82            android:exported="false" >
82-->[androidx.emoji2:emoji2:1.2.0] AndroidManifest.xml:27:13-37
83            <meta-data
83-->[androidx.emoji2:emoji2:1.2.0] AndroidManifest.xml:29:13-31:52
84                android:name="androidx.emoji2.text.EmojiCompatInitializer"
84-->[androidx.emoji2:emoji2:1.2.0] AndroidManifest.xml:30:17-75
85                android:value="androidx.startup" />
85-->[androidx.emoji2:emoji2:1.2.0] AndroidManifest.xml:31:17-49
86            <meta-data
86-->[androidx.lifecycle:lifecycle-process:2.6.1] AndroidManifest.xml:29:13-31:52
87                android:name="androidx.lifecycle.ProcessLifecycleInitializer"
87-->[androidx.lifecycle:lifecycle-process:2.6.1] AndroidManifest.xml:30:17-78
88                android:value="androidx.startup" />
88-->[androidx.lifecycle:lifecycle-process:2.6.1] AndroidManifest.xml:31:17-49
89            <meta-data
89-->[androidx.profileinstaller:profileinstaller:1.3.0] AndroidManifest.xml:29:13-31:52
90                android:name="androidx.profileinstaller.ProfileInstallerInitializer"
90-->[androidx.profileinstaller:profileinstaller:1.3.0] AndroidManifest.xml:30:17-85
91                android:value="androidx.startup" />
91-->[androidx.profileinstaller:profileinstaller:1.3.0] AndroidManifest.xml:31:17-49
92        </provider>
93
94        <receiver
94-->[androidx.profileinstaller:profileinstaller:1.3.0] AndroidManifest.xml:34:9-52:20
95            android:name="androidx.profileinstaller.ProfileInstallReceiver"
95-->[androidx.profileinstaller:profileinstaller:1.3.0] AndroidManifest.xml:35:13-76
96            android:directBootAware="false"
96-->[androidx.profileinstaller:profileinstaller:1.3.0] AndroidManifest.xml:36:13-44
97            android:enabled="true"
97-->[androidx.profileinstaller:profileinstaller:1.3.0] AndroidManifest.xml:37:13-35
98            android:exported="true"
98-->[androidx.profileinstaller:profileinstaller:1.3.0] AndroidManifest.xml:38:13-36
99            android:permission="android.permission.DUMP" >
99-->[androidx.profileinstaller:profileinstaller:1.3.0] AndroidManifest.xml:39:13-57
100            <intent-filter>
100-->[androidx.profileinstaller:profileinstaller:1.3.0] AndroidManifest.xml:40:13-42:29
101                <action android:name="androidx.profileinstaller.action.INSTALL_PROFILE" />
101-->[androidx.profileinstaller:profileinstaller:1.3.0] AndroidManifest.xml:41:17-91
101-->[androidx.profileinstaller:profileinstaller:1.3.0] AndroidManifest.xml:41:25-88
102            </intent-filter>
103            <intent-filter>
103-->[androidx.profileinstaller:profileinstaller:1.3.0] AndroidManifest.xml:43:13-45:29
104                <action android:name="androidx.profileinstaller.action.SKIP_FILE" />
104-->[androidx.profileinstaller:profileinstaller:1.3.0] AndroidManifest.xml:44:17-85
104-->[androidx.profileinstaller:profileinstaller:1.3.0] AndroidManifest.xml:44:25-82
105            </intent-filter>
106            <intent-filter>
106-->[androidx.profileinstaller:profileinstaller:1.3.0] AndroidManifest.xml:46:13-48:29
107                <action android:name="androidx.profileinstaller.action.SAVE_PROFILE" />
107-->[androidx.profileinstaller:profileinstaller:1.3.0] AndroidManifest.xml:47:17-88
107-->[androidx.profileinstaller:profileinstaller:1.3.0] AndroidManifest.xml:47:25-85
108            </intent-filter>
109            <intent-filter>
109-->[androidx.profileinstaller:profileinstaller:1.3.0] AndroidManifest.xml:49:13-51:29
110                <action android:name="androidx.profileinstaller.action.BENCHMARK_OPERATION" />
110-->[androidx.profileinstaller:profileinstaller:1.3.0] AndroidManifest.xml:50:17-95
110-->[androidx.profileinstaller:profileinstaller:1.3.0] AndroidManifest.xml:50:25-92
111            </intent-filter>
112        </receiver>
113    </application>
114
115</manifest>